0 info it worked if it ends with ok
1 verbose cli [ '/usr/local/bin/node',
1 verbose cli   '/usr/local/bin/npm',
1 verbose cli   'install',
1 verbose cli   'https://github.com/alexwhitman/node-pushbullet-api.git' ]
2 info using npm@1.4.28
3 info using node@v0.10.32
4 verbose cache add [ 'https://github.com/alexwhitman/node-pushbullet-api.git',
4 verbose cache add   null ]
5 verbose cache add name=undefined spec="https://github.com/alexwhitman/node-pushbullet-api.git" args=["https://github.com/alexwhitman/node-pushbullet-api.git",null]
6 verbose parsed url { protocol: 'https:',
6 verbose parsed url   slashes: true,
6 verbose parsed url   auth: null,
6 verbose parsed url   host: 'github.com',
6 verbose parsed url   port: null,
6 verbose parsed url   hostname: 'github.com',
6 verbose parsed url   hash: null,
6 verbose parsed url   search: null,
6 verbose parsed url   query: null,
6 verbose parsed url   pathname: '/alexwhitman/node-pushbullet-api.git',
6 verbose parsed url   path: '/alexwhitman/node-pushbullet-api.git',
6 verbose parsed url   href: 'https://github.com/alexwhitman/node-pushbullet-api.git' }
7 silly lockFile 68f93736-xwhitman-node-pushbullet-api-git https://github.com/alexwhitman/node-pushbullet-api.git
8 verbose lock https://github.com/alexwhitman/node-pushbullet-api.git /root/.npm/68f93736-xwhitman-node-pushbullet-api-git.lock
9 verbose addRemoteTarball [ 'https://github.com/alexwhitman/node-pushbullet-api.git',
9 verbose addRemoteTarball   null ]
10 info retry fetch attempt 1 at 10:10:56
11 verbose fetch to= /tmp/npm-1000-xFmFmAKi/github.com/alexwhitman/node-pushbullet-api.git
12 http GET https://github.com/alexwhitman/node-pushbullet-api.git
13 http 200 https://github.com/alexwhitman/node-pushbullet-api.git
14 verbose tar unpack /tmp/npm-1000-xFmFmAKi/github.com/alexwhitman/node-pushbullet-api.git
15 silly lockFile d722c4d7-n-node-pushbullet-api-git-unpack tar:///tmp/npm-1000-xFmFmAKi/github.com/alexwhitman/node-pushbullet-api.git-unpack
16 verbose lock tar:///tmp/npm-1000-xFmFmAKi/github.com/alexwhitman/node-pushbullet-api.git-unpack /root/.npm/d722c4d7-n-node-pushbullet-api-git-unpack.lock
17 silly lockFile f312d991-xwhitman-node-pushbullet-api-git tar:///tmp/npm-1000-xFmFmAKi/github.com/alexwhitman/node-pushbullet-api.git
18 verbose lock tar:///tmp/npm-1000-xFmFmAKi/github.com/alexwhitman/node-pushbullet-api.git /root/.npm/f312d991-xwhitman-node-pushbullet-api-git.lock
19 silly gunzTarPerm modes [ '755', '644' ]
20 error not a package /tmp/npm-1000-xFmFmAKi/github.com/alexwhitman/node-pushbullet-api.git
21 silly lockFile d722c4d7-n-node-pushbullet-api-git-unpack tar:///tmp/npm-1000-xFmFmAKi/github.com/alexwhitman/node-pushbullet-api.git-unpack
22 silly lockFile d722c4d7-n-node-pushbullet-api-git-unpack tar:///tmp/npm-1000-xFmFmAKi/github.com/alexwhitman/node-pushbullet-api.git-unpack
23 silly lockFile f312d991-xwhitman-node-pushbullet-api-git tar:///tmp/npm-1000-xFmFmAKi/github.com/alexwhitman/node-pushbullet-api.git
24 silly lockFile f312d991-xwhitman-node-pushbullet-api-git tar:///tmp/npm-1000-xFmFmAKi/github.com/alexwhitman/node-pushbullet-api.git
25 silly lockFile 68f93736-xwhitman-node-pushbullet-api-git https://github.com/alexwhitman/node-pushbullet-api.git
26 silly lockFile 68f93736-xwhitman-node-pushbullet-api-git https://github.com/alexwhitman/node-pushbullet-api.git
27 error Error: ENOENT, open '/tmp/npm-1000-xFmFmAKi/github.com/alexwhitman/node-pushbullet-api.git-unpack/package.json'
28 error If you need help, you may report this *entire* log,
28 error including the npm and node versions, at:
28 error     <http://github.com/npm/npm/issues>
29 error System Linux 2.6.32-042stab092.3
30 error command "/usr/local/bin/node" "/usr/local/bin/npm" "install" "https://github.com/alexwhitman/node-pushbullet-api.git"
31 error cwd /home/cabox/workspace/home-automation
32 error node -v v0.10.32
33 error npm -v 1.4.28
34 error path /tmp/npm-1000-xFmFmAKi/github.com/alexwhitman/node-pushbullet-api.git-unpack/package.json
35 error code ENOENT
36 error errno 34
37 verbose exit [ 34, true ]
