{"name":"homeautomation","hostname":"box-codeanywhere.com","pid":1198,"level":50,"msg":"wowie","time":"2014-12-15T23:37:51.122Z","v":0}
{"name":"homeautomation","hostname":"box-codeanywhere.com","pid":1384,"level":50,"msg":"wowie","time":"2014-12-19T22:07:25.463Z","v":0}
{"name":"homeautomation","hostname":"box-codeanywhere.com","pid":1406,"level":50,"msg":"wowie","time":"2014-12-19T22:08:39.678Z","v":0}
{"name":"homeautomation","hostname":"box-codeanywhere.com","pid":1463,"level":50,"msg":"wowie","time":"2014-12-19T22:10:28.794Z","v":0}
{"name":"homeautomation","hostname":"box-codeanywhere.com","pid":1475,"level":50,"msg":"wowie","time":"2014-12-19T22:10:52.115Z","v":0}
{"name":"homeautomation","hostname":"box-codeanywhere.com","pid":1497,"level":50,"msg":"wowie","time":"2014-12-19T22:11:09.131Z","v":0}
{"name":"homeautomation","hostname":"box-codeanywhere.com","pid":1518,"level":50,"msg":"wowie","time":"2014-12-19T22:17:08.793Z","v":0}
{"name":"homeautomation","hostname":"box-codeanywhere.com","pid":1538,"level":50,"msg":"wowie","time":"2014-12-19T22:18:07.564Z","v":0}
{"name":"homeautomation","hostname":"box-codeanywhere.com","pid":1558,"level":50,"msg":"wowie","time":"2014-12-19T22:18:30.899Z","v":0}
{"name":"homeautomation","hostname":"box-codeanywhere.com","pid":1579,"level":50,"msg":"wowie","time":"2014-12-19T22:18:39.315Z","v":0}
{"name":"homeautomation","hostname":"box-codeanywhere.com","pid":1600,"level":50,"msg":"wowie","time":"2014-12-19T22:30:01.205Z","v":0}
{"name":"homeautomation","hostname":"box-codeanywhere.com","pid":1637,"level":50,"msg":"wowie","time":"2014-12-19T22:41:14.464Z","v":0}
{"name":"homeautomation","hostname":"box-codeanywhere.com","pid":1658,"level":50,"msg":"wowie","time":"2014-12-19T22:42:00.182Z","v":0}
{"name":"homeautomation","hostname":"box-codeanywhere.com","pid":1691,"level":50,"msg":"wowie","time":"2014-12-19T22:43:24.447Z","v":0}
{"name":"homeautomation","hostname":"box-codeanywhere.com","pid":1724,"level":50,"msg":"wowie","time":"2014-12-19T23:21:07.706Z","v":0}
{"name":"homeautomation","hostname":"box-codeanywhere.com","pid":866,"level":50,"msg":"wowie","time":"2014-12-22T13:03:49.010Z","v":0}
{"name":"homeautomation","hostname":"box-codeanywhere.com","pid":900,"level":50,"msg":"wowie","time":"2014-12-22T13:05:00.902Z","v":0}
{"name":"homeautomation","hostname":"box-codeanywhere.com","pid":966,"level":50,"msg":"wowie","time":"2014-12-22T13:57:35.082Z","v":0}
{"name":"homeautomation","hostname":"box-codeanywhere.com","pid":990,"level":50,"msg":"wowie","time":"2014-12-22T14:01:13.572Z","v":0}
{"name":"homeautomation","hostname":"box-codeanywhere.com","pid":1017,"level":50,"msg":"wowie","time":"2014-12-22T14:01:35.340Z","v":0}
{"name":"homeautomation","hostname":"box-codeanywhere.com","pid":1044,"level":50,"msg":"wowie","time":"2014-12-22T14:01:52.952Z","v":0}
{"name":"homeautomation","hostname":"box-codeanywhere.com","pid":1071,"level":50,"msg":"wowie","time":"2014-12-22T14:05:13.327Z","v":0}
{"name":"homeautomation","hostname":"box-codeanywhere.com","pid":1086,"level":50,"msg":"wowie","time":"2014-12-22T14:12:38.438Z","v":0}
{"name":"homeautomation","hostname":"box-codeanywhere.com","pid":1106,"level":50,"msg":"wowie","time":"2014-12-22T14:13:11.742Z","v":0}
{"name":"homeautomation","hostname":"box-codeanywhere.com","pid":1121,"level":50,"msg":"wowie","time":"2014-12-22T14:13:33.615Z","v":0}
{"name":"homeautomation","hostname":"box-codeanywhere.com","pid":1181,"level":50,"msg":"wowie","time":"2014-12-22T14:34:43.240Z","v":0}
{"name":"homeautomation","hostname":"box-codeanywhere.com","pid":1202,"level":50,"msg":"wowie","time":"2014-12-22T14:35:15.987Z","v":0}
{"name":"homeautomation","hostname":"box-codeanywhere.com","pid":1225,"level":50,"msg":"wowie","time":"2014-12-22T14:35:47.982Z","v":0}
{"name":"homeautomation","hostname":"box-codeanywhere.com","pid":1246,"level":50,"msg":"wowie","time":"2014-12-22T14:36:33.719Z","v":0}
{"name":"homeautomation","hostname":"box-codeanywhere.com","pid":1267,"level":50,"msg":"wowie","time":"2014-12-22T14:37:17.534Z","v":0}
{"name":"homeautomation","hostname":"box-codeanywhere.com","pid":1301,"level":50,"msg":"wowie","time":"2014-12-22T14:55:59.553Z","v":0}
{"name":"homeautomation","hostname":"box-codeanywhere.com","pid":1334,"level":50,"msg":"wowie","time":"2014-12-22T15:06:46.868Z","v":0}
{"name":"homeautomation","hostname":"box-codeanywhere.com","pid":1527,"level":50,"msg":"wowie","time":"2014-12-22T15:35:47.227Z","v":0}
{"name":"homeautomation","hostname":"box-codeanywhere.com","pid":1560,"level":50,"msg":"wowie","time":"2014-12-22T16:59:00.485Z","v":0}
{"name":"homeautomation","hostname":"box-codeanywhere.com","pid":1583,"level":50,"msg":"wowie","time":"2014-12-22T17:08:01.694Z","v":0}
{"name":"homeautomation","hostname":"box-codeanywhere.com","pid":1628,"level":50,"msg":"wowie","time":"2014-12-22T17:10:40.429Z","v":0}
{"name":"homeautomation","hostname":"box-codeanywhere.com","pid":1654,"level":50,"msg":"wowie","time":"2014-12-22T17:16:17.699Z","v":0}
{"name":"homeautomation","hostname":"box-codeanywhere.com","pid":1680,"level":50,"msg":"wowie","time":"2014-12-22T21:12:19.796Z","v":0}
{"name":"homeautomation","hostname":"box-codeanywhere.com","pid":1703,"level":50,"msg":"wowie","time":"2014-12-22T21:12:33.034Z","v":0}
{"name":"homeautomation","hostname":"box-codeanywhere.com","pid":1724,"level":50,"msg":"wowie","time":"2014-12-22T21:13:12.531Z","v":0}
{"name":"homeautomation","hostname":"box-codeanywhere.com","pid":1745,"level":50,"msg":"wowie","time":"2014-12-22T21:13:23.205Z","v":0}
{"name":"homeautomation","hostname":"box-codeanywhere.com","pid":1790,"level":50,"msg":"wowie","time":"2014-12-22T21:50:21.379Z","v":0}
{"name":"homeautomation","hostname":"box-codeanywhere.com","pid":1814,"level":50,"msg":"wowie","time":"2014-12-22T21:50:51.428Z","v":0}
{"name":"homeautomation","hostname":"box-codeanywhere.com","pid":1838,"level":50,"msg":"wowie","time":"2014-12-22T21:51:00.562Z","v":0}
{"name":"homeautomation","hostname":"box-codeanywhere.com","pid":1862,"level":50,"msg":"wowie","time":"2014-12-22T21:51:59.724Z","v":0}
{"name":"homeautomation","hostname":"box-codeanywhere.com","pid":1886,"level":50,"msg":"wowie","time":"2014-12-22T21:52:13.016Z","v":0}
{"name":"homeautomation","hostname":"box-codeanywhere.com","pid":1910,"level":50,"msg":"wowie","time":"2014-12-22T21:52:39.047Z","v":0}
{"name":"homeautomation","hostname":"box-codeanywhere.com","pid":1934,"level":50,"msg":"wowie","time":"2014-12-22T21:53:14.574Z","v":0}
{"name":"homeautomation","hostname":"box-codeanywhere.com","pid":1962,"level":50,"msg":"wowie","time":"2014-12-22T21:55:26.027Z","v":0}
{"name":"homeautomation","hostname":"box-codeanywhere.com","pid":2009,"level":50,"msg":"wowie","time":"2014-12-22T21:56:01.238Z","v":0}
{"name":"homeautomation","hostname":"box-codeanywhere.com","pid":2034,"level":50,"msg":"wowie","time":"2014-12-22T21:56:40.540Z","v":0}
{"name":"homeautomation","hostname":"box-codeanywhere.com","pid":2059,"level":50,"msg":"wowie","time":"2014-12-22T21:57:30.365Z","v":0}
{"name":"homeautomation","hostname":"box-codeanywhere.com","pid":2085,"level":50,"msg":"wowie","time":"2014-12-22T22:02:16.935Z","v":0}
{"name":"homeautomation","hostname":"box-codeanywhere.com","pid":2119,"level":50,"msg":"wowie","time":"2014-12-22T22:04:21.857Z","v":0}
{"name":"homeautomation","hostname":"box-codeanywhere.com","pid":1192,"level":50,"msg":"wowie","time":"2014-12-23T17:33:27.549Z","v":0}
{"name":"homeautomation","hostname":"box-codeanywhere.com","pid":1205,"level":50,"msg":"wowie","time":"2014-12-23T17:33:36.677Z","v":0}
{"name":"homeautomation","hostname":"box-codeanywhere.com","pid":1222,"level":50,"msg":"wowie","time":"2014-12-23T17:34:40.152Z","v":0}
{"name":"homeautomation","hostname":"box-codeanywhere.com","pid":1238,"level":50,"msg":"wowie","time":"2014-12-23T17:34:48.905Z","v":0}
{"name":"homeautomation","hostname":"box-codeanywhere.com","pid":1247,"level":50,"msg":"wowie","time":"2014-12-23T17:38:25.470Z","v":0}
{"name":"homeautomation","hostname":"box-codeanywhere.com","pid":1730,"level":50,"msg":"RemovePlugin: Not renoved rm: cannot remove `/home/cabox/workspace/home-automation/plugins/pushbullet': No such file or directory\n","time":"2014-12-23T23:10:59.251Z","v":0}
{"name":"homeautomation","hostname":"box-codeanywhere.com","pid":1747,"level":50,"err":{"message":"Command failed: rm: cannot remove `/home/cabox/workspace/home-automation/plugins/pushbullet': No such file or directory\n","name":"Error","stack":"Error: Command failed: rm: cannot remove `/home/cabox/workspace/home-automation/plugins/pushbullet': No such file or directory\n\n    at ChildProcess.exithandler (child_process.js:648:15)\n    at ChildProcess.emit (events.js:98:17)\n    at maybeClose (child_process.js:756:16)\n    at Socket.<anonymous> (child_process.js:969:11)\n    at Socket.emit (events.js:95:17)\n    at Pipe.close (net.js:465:12)","code":1,"signal":null},"msg":"Command failed: rm: cannot remove `/home/cabox/workspace/home-automation/plugins/pushbullet': No such file or directory\n","time":"2014-12-23T23:11:22.854Z","v":0}
{"name":"homeautomation","hostname":"box-codeanywhere.com","pid":1747,"level":50,"msg":"RemovePlugin: Not renoved rm: cannot remove `/home/cabox/workspace/home-automation/plugins/pushbullet': No such file or directory\n","time":"2014-12-23T23:11:22.856Z","v":0}
{"name":"homeautomation","hostname":"box-codeanywhere.com","pid":1764,"level":50,"msg":"RemovePlugin: Not renoved rm: cannot remove `/home/cabox/workspace/home-automation/plugins/pushbullet': No such file or directory\n","time":"2014-12-23T23:12:29.339Z","v":0}
{"name":"homeautomation","hostname":"box-codeanywhere.com","pid":2487,"level":50,"msg":"(Plugin:DownloadFile) Problem with downloaden file ","time":"2014-12-24T22:21:57.911Z","v":0}
{"name":"homeautomation","hostname":"box-codeanywhere.com","pid":2506,"level":50,"msg":"(Plugin:DownloadFile) Problem with downloading file (http://loginweb.nl/hometest/pushbullet/1.0.tar.gz) ","time":"2014-12-24T22:26:28.478Z","v":0}
{"name":"homeautomation","hostname":"box-codeanywhere.com","pid":2524,"level":50,"msg":"(Plugin:DownloadFile) Problem with downloading file (http://loginweb.nl/hometest/pushbullet/1.0.tar.gz) ","time":"2014-12-24T22:27:19.071Z","v":0}
{"name":"homeautomation","hostname":"box-codeanywhere.com","pid":2542,"level":50,"msg":"(Plugin:DownloadFile) Problem with downloading file (http://loginweb.nl/hometest/pushbullet/1.0.tar.gz) ","time":"2014-12-24T22:27:43.948Z","v":0}
{"name":"homeautomation","hostname":"box-codeanywhere.com","pid":2553,"level":50,"msg":"(Plugin:DownloadFile) Problem with downloading file (http://loginweb.nl/hometest/pushbullet/1.0.tar.gz) Error: spawn ENOENT","time":"2014-12-24T22:27:51.871Z","v":0}
{"name":"homeautomation","hostname":"box-codeanywhere.com","pid":2571,"level":50,"msg":"(Utilities:Delete) Path not allowed. Abort.","time":"2014-12-24T22:28:09.534Z","v":0}
{"name":"homeautomation","hostname":"box-codeanywhere.com","pid":2571,"level":50,"msg":"(Utilities:Delete) Path not allowed. Abort.","time":"2014-12-24T22:28:09.537Z","v":0}
{"name":"homeautomation","hostname":"box-codeanywhere.com","pid":2591,"level":50,"msg":"(Utilities:Delete) Path not allowed. Abort.","time":"2014-12-24T22:37:20.349Z","v":0}
{"name":"homeautomation","hostname":"box-codeanywhere.com","pid":2612,"level":50,"msg":"(Utilities:Delete) Path not allowed. Abort.","time":"2014-12-24T22:37:53.682Z","v":0}
{"name":"homeautomation","hostname":"box-codeanywhere.com","pid":2633,"level":50,"msg":"(Utilities:Delete) Path not allowed. Abort.","time":"2014-12-24T22:38:54.706Z","v":0}
{"name":"homeautomation","hostname":"box-codeanywhere.com","pid":2655,"level":50,"msg":"(Utilities:Delete) Path not allowed. Abort.","time":"2014-12-24T22:39:33.248Z","v":0}
{"name":"homeautomation","hostname":"box-codeanywhere.com","pid":2677,"level":50,"msg":"(Utilities:Delete) Path not allowed. Abort.","time":"2014-12-24T22:41:56.937Z","v":0}
{"name":"homeautomation","hostname":"box-codeanywhere.com","pid":2692,"level":50,"msg":"(Utilities:Delete) Path not allowed. Abort.","time":"2014-12-24T22:42:49.951Z","v":0}
{"name":"homeautomation","hostname":"box-codeanywhere.com","pid":2747,"level":50,"msg":"(Utilities:Delete) Path not allowed. Abort.","time":"2014-12-24T23:11:51.040Z","v":0}
{"name":"homeautomation","hostname":"box-codeanywhere.com","pid":2747,"level":50,"msg":"(Plugin:Update) Can't remove old plugin folder pushbullet. Abort.","time":"2014-12-24T23:11:51.041Z","v":0}
{"name":"homeautomation","hostname":"box-codeanywhere.com","pid":2915,"level":50,"msg":"(Plugin:Update) Backup plugin failed: Error: Command failed: cp: cannot create directory `/home/cabox/workspace/home-automation/tmp//backup/pushbullet': No such file or directory\n","time":"2014-12-24T23:24:40.750Z","v":0}
{"name":"homeautomation","hostname":"box-codeanywhere.com","pid":2936,"level":50,"msg":"(Plugin:Update) Backup plugin failed: Error: Command failed: cp: cannot create directory `/home/cabox/workspace/home-automation/tmp/backup/pushbullet': No such file or directory\n","time":"2014-12-24T23:24:50.974Z","v":0}
{"name":"homeautomation","hostname":"box-codeanywhere.com","pid":2957,"level":50,"msg":"(Plugin:Update) Backup plugin failed: Error: Command failed: cp: unrecognized option '--parents/home/cabox/workspace/home-automation/plugins/pushbullet'\nTry `cp --help' for more information.\n","time":"2014-12-24T23:25:26.086Z","v":0}
{"name":"homeautomation","hostname":"box-codeanywhere.com","pid":2978,"level":50,"msg":"(Plugin:Update) Backup plugin failed: Error: Command failed: cp: with --parents, the destination must be a directory\nTry `cp --help' for more information.\n","time":"2014-12-24T23:25:35.715Z","v":0}
{"name":"homeautomation","hostname":"box-codeanywhere.com","pid":2999,"level":50,"msg":"(Plugin:Update) Backup plugin failed: Error: Command failed: cp: with --parents, the destination must be a directory\nTry `cp --help' for more information.\n","time":"2014-12-24T23:25:52.306Z","v":0}
{"name":"homeautomation","hostname":"box-codeanywhere.com","pid":3044,"level":50,"msg":"(Plugin:Update) Backup plugin failed: Error: Command failed: cp: omitting directory `/home/cabox/workspace/home-automation/plugins/pushbullet'\n","time":"2014-12-24T23:27:51.238Z","v":0}
{"name":"homeautomation","hostname":"box-codeanywhere.com","pid":3106,"level":50,"msg":"(Plugin:Update) Backup plugin failed: Error: Command failed: mkdir: cannot create directory `pushbullet': File exists\ncp: cannot create directory `/home/cabox/workspace/home-automation/tmp/backup/pushbullet': No such file or directory\n","time":"2014-12-24T23:30:00.027Z","v":0}
{"name":"homeautomation","hostname":"box-codeanywhere.com","pid":3129,"level":50,"msg":"(Plugin:Update) Backup plugin failed: Error: Command failed: mkdir: cannot create directory `/home/cabox/workspace/home-automation/tmp/backup/pushbullet': No such file or directory\ncp: cannot create directory `/home/cabox/workspace/home-automation/tmp/backup/pushbullet': No such file or directory\n","time":"2014-12-24T23:30:48.764Z","v":0}
{"name":"homeautomation","hostname":"box-codeanywhere.com","pid":3535,"level":50,"msg":"(Plugin:Install) Can't move file! The destination directory is not empty. Abort.","time":"2014-12-24T23:47:21.967Z","v":0}
